[0m13:53:09.385876 [debug] [MainThread]: Sending event: {'category': 'dbt', 'action': 'invocation', 'label': 'start', 'context': [<snowplow_tracker.self_describing_json.SelfDescribingJson object at 0x7797d47b6ba0>, <snowplow_tracker.self_describing_json.SelfDescribingJson object at 0x7797d7e8f4d0>, <snowplow_tracker.self_describing_json.SelfDescribingJson object at 0x7797d356fed0>]}


============================== 13:53:09.481572 | 8160e482-f89f-47ee-b2f2-ed72d0d4ccaf ==============================
[0m13:53:09.481572 [info ] [MainThread]: Running with dbt=1.11.7
[0m13:53:09.482323 [debug] [MainThread]: running dbt with arguments {'static_parser': 'True', 'no_print': 'None', 'version_check': 'True', 'warn_error_options': 'WarnErrorOptionsV2(error=[], warn=[], silence=[])', 'log_format': 'default', 'quiet': 'False', 'invocation_command': 'dbt init dbt_energy', 'use_experimental_parser': 'False', 'target_path': 'None', 'write_json': 'True', 'cache_selected_only': 'False', 'partial_parse': 'True', 'printer_width': '80', 'introspect': 'True', 'send_anonymous_usage_stats': 'True', 'use_colors': 'True', 'profiles_dir': '/home/codespace/.dbt', 'fail_fast': 'False', 'log_cache_events': 'False', 'log_path': 'logs', 'warn_error': 'None', 'debug': 'False', 'indirect_selection': 'eager', 'empty': 'None'}
[0m13:53:09.550268 [info ] [MainThread]: Creating dbt configuration folder at /home/codespace/.dbt
[0m13:53:09.552651 [debug] [MainThread]: Starter project path: /workspaces/Data_Engineering_Zoomcamp/final_project/.venv/lib/python3.13/site-packages/dbt/include/starter_project
[0m13:53:09.556991 [info ] [MainThread]: 
Your new dbt project "dbt_energy" was created!

For more information on how to configure the profiles.yml file,
please consult the dbt documentation here:

  https://docs.getdbt.com/docs/configure-your-profile

One more thing:

Need help? Don't hesitate to reach out to us via GitHub issues or on Slack:

  https://community.getdbt.com/

Happy modeling!

[0m13:53:09.557713 [info ] [MainThread]: Setting up your profile.
[0m14:08:06.229041 [info ] [MainThread]: Profile dbt_energy written to /home/codespace/.dbt/profiles.yml using target's profile_template.yml and your supplied values. Run 'dbt debug' to validate the connection.
[0m14:08:06.230710 [debug] [MainThread]: Resource report: {"command_name": "init", "command_success": true, "command_wall_clock_time": 896.9114, "process_in_blocks": "208152", "process_kernel_time": 0.617544, "process_mem_max_rss": "242704", "process_out_blocks": "37992", "process_user_time": 5.527971}
[0m14:08:06.231558 [debug] [MainThread]: Command `dbt init` succeeded at 14:08:06.231431 after 896.91 seconds
[0m14:08:06.232025 [debug] [MainThread]: Sending event: {'category': 'dbt', 'action': 'invocation', 'label': 'end', 'context': [<snowplow_tracker.self_describing_json.SelfDescribingJson object at 0x7797c14075c0>, <snowplow_tracker.self_describing_json.SelfDescribingJson object at 0x7797d3594dd0>, <snowplow_tracker.self_describing_json.SelfDescribingJson object at 0x7797c133d480>]}
[0m14:08:06.232511 [debug] [MainThread]: Flushing usage events
[0m14:08:07.169832 [debug] [MainThread]: An error was encountered while trying to flush usage events
[0m14:29:59.037113 [debug] [MainThread]: Sending event: {'category': 'dbt', 'action': 'invocation', 'label': 'start', 'context': [<snowplow_tracker.self_describing_json.SelfDescribingJson object at 0x766daaebd160>, <snowplow_tracker.self_describing_json.SelfDescribingJson object at 0x766dae2e7110>, <snowplow_tracker.self_describing_json.SelfDescribingJson object at 0x766da9dcbed0>]}


============================== 14:29:59.044204 | 5e3960b5-788a-42da-8b7c-3e7c1386e6cd ==============================
[0m14:29:59.044204 [info ] [MainThread]: Running with dbt=1.11.7
[0m14:29:59.045582 [debug] [MainThread]: running dbt with arguments {'debug': 'False', 'partial_parse': 'True', 'version_check': 'True', 'quiet': 'False', 'introspect': 'True', 'log_path': 'logs', 'indirect_selection': 'eager', 'static_parser': 'True', 'printer_width': '80', 'send_anonymous_usage_stats': 'True', 'fail_fast': 'False', 'target_path': 'None', 'cache_selected_only': 'False', 'profiles_dir': '/home/codespace/.dbt', 'use_experimental_parser': 'False', 'warn_error_options': 'WarnErrorOptionsV2(error=[], warn=[], silence=[])', 'use_colors': 'True', 'no_print': 'None', 'log_cache_events': 'False', 'write_json': 'True', 'warn_error': 'None', 'log_format': 'default', 'empty': 'False', 'invocation_command': 'dbt run --select stg_hello_world'}
[0m14:29:59.046640 [error] [MainThread]: Encountered an error:
Runtime Error
  No dbt_project.yml found at expected path /workspaces/Data_Engineering_Zoomcamp/final_project/dbt_project.yml
  Verify that each entry within packages.yml (and their transitive dependencies) contains a file named dbt_project.yml
  
[0m14:29:59.047929 [debug] [MainThread]: Resource report: {"command_name": "run", "command_success": false, "command_wall_clock_time": 0.06507081, "process_in_blocks": "3232", "process_kernel_time": 0.159338, "process_mem_max_rss": "120568", "process_out_blocks": "24", "process_user_time": 1.986755}
[0m14:29:59.048759 [debug] [MainThread]: Command `dbt run` failed at 14:29:59.048618 after 0.07 seconds
[0m14:29:59.049493 [debug] [MainThread]: Sending event: {'category': 'dbt', 'action': 'invocation', 'label': 'end', 'context': [<snowplow_tracker.self_describing_json.SelfDescribingJson object at 0x766da9ddd810>, <snowplow_tracker.self_describing_json.SelfDescribingJson object at 0x766da9df5b50>, <snowplow_tracker.self_describing_json.SelfDescribingJson object at 0x766daa01b460>]}
[0m14:29:59.050231 [debug] [MainThread]: Flushing usage events
[0m14:29:59.454465 [debug] [MainThread]: An error was encountered while trying to flush usage events
[0m14:32:59.079899 [debug] [MainThread]: Sending event: {'category': 'dbt', 'action': 'invocation', 'label': 'start', 'context': [<snowplow_tracker.self_describing_json.SelfDescribingJson object at 0x758732095160>, <snowplow_tracker.self_describing_json.SelfDescribingJson object at 0x75873551f110>, <snowplow_tracker.self_describing_json.SelfDescribingJson object at 0x758730fa3ed0>]}


============================== 14:32:59.085206 | a85084d1-d866-4384-bd79-47c4f185ba59 ==============================
[0m14:32:59.085206 [info ] [MainThread]: Running with dbt=1.11.7
[0m14:32:59.086258 [debug] [MainThread]: running dbt with arguments {'use_experimental_parser': 'False', 'no_print': 'None', 'warn_error_options': 'WarnErrorOptionsV2(error=[], warn=[], silence=[])', 'send_anonymous_usage_stats': 'True', 'write_json': 'True', 'log_format': 'default', 'partial_parse': 'True', 'log_path': 'logs', 'log_cache_events': 'False', 'cache_selected_only': 'False', 'fail_fast': 'False', 'introspect': 'True', 'warn_error': 'None', 'target_path': 'None', 'indirect_selection': 'eager', 'quiet': 'False', 'static_parser': 'True', 'use_colors': 'True', 'empty': 'False', 'profiles_dir': '/home/codespace/.dbt', 'version_check': 'True', 'invocation_command': 'dbt run --select stg_hello_world', 'debug': 'False', 'printer_width': '80'}
[0m14:32:59.087416 [error] [MainThread]: Encountered an error:
Runtime Error
  No dbt_project.yml found at expected path /workspaces/Data_Engineering_Zoomcamp/final_project/dbt_project.yml
  Verify that each entry within packages.yml (and their transitive dependencies) contains a file named dbt_project.yml
  
[0m14:32:59.088523 [debug] [MainThread]: Resource report: {"command_name": "run", "command_success": false, "command_wall_clock_time": 0.06134984, "process_in_blocks": "0", "process_kernel_time": 0.160626, "process_mem_max_rss": "120684", "process_out_blocks": "8", "process_user_time": 2.129794}
[0m14:32:59.089427 [debug] [MainThread]: Command `dbt run` failed at 14:32:59.089289 after 0.06 seconds
[0m14:32:59.090056 [debug] [MainThread]: Sending event: {'category': 'dbt', 'action': 'invocation', 'label': 'end', 'context': [<snowplow_tracker.self_describing_json.SelfDescribingJson object at 0x758730fb9810>, <snowplow_tracker.self_describing_json.SelfDescribingJson object at 0x758730fcdb50>, <snowplow_tracker.self_describing_json.SelfDescribingJson object at 0x7587311f3460>]}
[0m14:32:59.090846 [debug] [MainThread]: Flushing usage events
[0m14:32:59.492381 [debug] [MainThread]: An error was encountered while trying to flush usage events
[0m16:12:23.212209 [debug] [MainThread]: Sending event: {'category': 'dbt', 'action': 'invocation', 'label': 'start', 'context': [<snowplow_tracker.self_describing_json.SelfDescribingJson object at 0x7ee129a75160>, <snowplow_tracker.self_describing_json.SelfDescribingJson object at 0x7ee12d227110>, <snowplow_tracker.self_describing_json.SelfDescribingJson object at 0x7ee128a4fed0>]}


============================== 16:12:23.218763 | 2ff2fac4-cc92-40e5-a9c1-42c37ae6ffec ==============================
[0m16:12:23.218763 [info ] [MainThread]: Running with dbt=1.11.7
[0m16:12:23.220197 [debug] [MainThread]: running dbt with arguments {'fail_fast': 'False', 'partial_parse': 'True', 'target_path': 'None', 'introspect': 'True', 'quiet': 'False', 'use_colors': 'True', 'empty': 'False', 'printer_width': '80', 'cache_selected_only': 'False', 'version_check': 'True', 'log_cache_events': 'False', 'invocation_command': 'dbt run --profiles-dir dbt_energy --select intermediate_weather__actual', 'debug': 'False', 'write_json': 'True', 'profiles_dir': 'dbt_energy', 'log_path': 'logs', 'log_format': 'default', 'use_experimental_parser': 'False', 'warn_error_options': 'WarnErrorOptionsV2(error=[], warn=[], silence=[])', 'static_parser': 'True', 'indirect_selection': 'eager', 'warn_error': 'None', 'send_anonymous_usage_stats': 'True', 'no_print': 'None'}
[0m16:12:23.221078 [error] [MainThread]: Encountered an error:
Runtime Error
  No dbt_project.yml found at expected path /workspaces/Data_Engineering_Zoomcamp/final_project/dbt_project.yml
  Verify that each entry within packages.yml (and their transitive dependencies) contains a file named dbt_project.yml
  
[0m16:12:23.222189 [debug] [MainThread]: Resource report: {"command_name": "run", "command_success": false, "command_wall_clock_time": 0.06253938, "process_in_blocks": "68256", "process_kernel_time": 0.199972, "process_mem_max_rss": "120276", "process_out_blocks": "8", "process_user_time": 2.004719}
[0m16:12:23.222892 [debug] [MainThread]: Command `dbt run` failed at 16:12:23.222765 after 0.06 seconds
[0m16:12:23.223464 [debug] [MainThread]: Sending event: {'category': 'dbt', 'action': 'invocation', 'label': 'end', 'context': [<snowplow_tracker.self_describing_json.SelfDescribingJson object at 0x7ee128a65810>, <snowplow_tracker.self_describing_json.SelfDescribingJson object at 0x7ee128a7db50>, <snowplow_tracker.self_describing_json.SelfDescribingJson object at 0x7ee128ca7460>]}
[0m16:12:23.224212 [debug] [MainThread]: Flushing usage events
[0m16:12:24.089080 [debug] [MainThread]: An error was encountered while trying to flush usage events
[0m19:48:29.168514 [debug] [MainThread]: Sending event: {'category': 'dbt', 'action': 'invocation', 'label': 'start', 'context': [<snowplow_tracker.self_describing_json.SelfDescribingJson object at 0x10582d7f0>, <snowplow_tracker.self_describing_json.SelfDescribingJson object at 0x10681d1d0>, <snowplow_tracker.self_describing_json.SelfDescribingJson object at 0x106ebfed0>]}


============================== 19:48:29.174910 | bf851345-e30b-4c4a-a4ba-75e4c53ad995 ==============================
[0m19:48:29.174910 [info ] [MainThread]: Running with dbt=1.11.7
[0m19:48:29.175709 [debug] [MainThread]: running dbt with arguments {'static_parser': 'True', 'target_path': 'None', 'indirect_selection': 'eager', 'log_cache_events': 'False', 'profiles_dir': '/Users/jianpengchen/Downloads/Data-Engineering/Data_Engineering_Zoomcamp/final_project', 'cache_selected_only': 'False', 'use_colors': 'True', 'introspect': 'True', 'warn_error': 'None', 'debug': 'False', 'invocation_command': 'dbt run', 'fail_fast': 'False', 'write_json': 'True', 'send_anonymous_usage_stats': 'True', 'printer_width': '80', 'log_path': 'logs', 'version_check': 'True', 'warn_error_options': 'WarnErrorOptionsV2(error=[], warn=[], silence=[])', 'partial_parse': 'True', 'log_format': 'default', 'empty': 'False', 'quiet': 'False', 'use_experimental_parser': 'False', 'no_print': 'None'}
[0m19:48:29.176444 [error] [MainThread]: Encountered an error:
Runtime Error
  No dbt_project.yml found at expected path /Users/jianpengchen/Downloads/Data-Engineering/Data_Engineering_Zoomcamp/final_project/dbt_project.yml
  Verify that each entry within packages.yml (and their transitive dependencies) contains a file named dbt_project.yml
  
[0m19:48:29.179392 [debug] [MainThread]: Resource report: {"command_name": "run", "command_success": false, "command_wall_clock_time": 0.10958043, "process_in_blocks": "0", "process_kernel_time": 0.336948, "process_mem_max_rss": "121520128", "process_out_blocks": "0", "process_user_time": 2.613836}
[0m19:48:29.180095 [debug] [MainThread]: Command `dbt run` failed at 19:48:29.179947 after 0.11 seconds
[0m19:48:29.180572 [debug] [MainThread]: Sending event: {'category': 'dbt', 'action': 'invocation', 'label': 'end', 'context': [<snowplow_tracker.self_describing_json.SelfDescribingJson object at 0x106f250f0>, <snowplow_tracker.self_describing_json.SelfDescribingJson object at 0x106db30b0>, <snowplow_tracker.self_describing_json.SelfDescribingJson object at 0x106d279b0>]}
[0m19:48:29.181018 [debug] [MainThread]: Flushing usage events
[0m19:48:29.808572 [debug] [MainThread]: An error was encountered while trying to flush usage events
[0m11:55:09.375657 [debug] [MainThread]: Sending event: {'category': 'dbt', 'action': 'invocation', 'label': 'start', 'context': [<snowplow_tracker.self_describing_json.SelfDescribingJson object at 0x7a310b5b9160>, <snowplow_tracker.self_describing_json.SelfDescribingJson object at 0x7a310e9d7110>, <snowplow_tracker.self_describing_json.SelfDescribingJson object at 0x7a310a4c3ed0>]}


============================== 11:55:09.385649 | 72af548e-d395-43c9-a006-a2baa0736330 ==============================
[0m11:55:09.385649 [info ] [MainThread]: Running with dbt=1.11.7
[0m11:55:09.387230 [debug] [MainThread]: running dbt with arguments {'quiet': 'False', 'log_format': 'default', 'indirect_selection': 'eager', 'empty': 'False', 'log_path': 'logs', 'partial_parse': 'True', 'warn_error_options': 'WarnErrorOptionsV2(error=[], warn=[], silence=[])', 'introspect': 'True', 'cache_selected_only': 'False', 'profiles_dir': '/workspaces/Data_Engineering_Zoomcamp/final_project', 'fail_fast': 'False', 'debug': 'False', 'invocation_command': 'dbt run', 'warn_error': 'None', 'use_experimental_parser': 'False', 'write_json': 'True', 'no_print': 'None', 'printer_width': '80', 'target_path': 'None', 'use_colors': 'True', 'send_anonymous_usage_stats': 'True', 'version_check': 'True', 'static_parser': 'True', 'log_cache_events': 'False'}
[0m11:55:09.388401 [error] [MainThread]: Encountered an error:
Runtime Error
  No dbt_project.yml found at expected path /workspaces/Data_Engineering_Zoomcamp/final_project/dbt_project.yml
  Verify that each entry within packages.yml (and their transitive dependencies) contains a file named dbt_project.yml
  
[0m11:55:09.389831 [debug] [MainThread]: Resource report: {"command_name": "run", "command_success": false, "command_wall_clock_time": 0.066211484, "process_in_blocks": "68376", "process_kernel_time": 0.219829, "process_mem_max_rss": "120228", "process_out_blocks": "8", "process_user_time": 2.146571}
[0m11:55:09.390937 [debug] [MainThread]: Command `dbt run` failed at 11:55:09.390727 after 0.07 seconds
[0m11:55:09.391686 [debug] [MainThread]: Sending event: {'category': 'dbt', 'action': 'invocation', 'label': 'end', 'context': [<snowplow_tracker.self_describing_json.SelfDescribingJson object at 0x7a310a4d9810>, <snowplow_tracker.self_describing_json.SelfDescribingJson object at 0x7a310a4f1b50>, <snowplow_tracker.self_describing_json.SelfDescribingJson object at 0x7a310a717460>]}
[0m11:55:09.393152 [debug] [MainThread]: Flushing usage events
[0m11:55:10.275329 [debug] [MainThread]: An error was encountered while trying to flush usage events
[0m11:57:52.570873 [debug] [MainThread]: Sending event: {'category': 'dbt', 'action': 'invocation', 'label': 'start', 'context': [<snowplow_tracker.self_describing_json.SelfDescribingJson object at 0x7484bb2ad160>, <snowplow_tracker.self_describing_json.SelfDescribingJson object at 0x7484be717110>, <snowplow_tracker.self_describing_json.SelfDescribingJson object at 0x7484ba247ed0>]}


============================== 11:57:52.575841 | a4216a50-98e1-40b1-95c7-cb51abb46346 ==============================
[0m11:57:52.575841 [info ] [MainThread]: Running with dbt=1.11.7
[0m11:57:52.576695 [debug] [MainThread]: running dbt with arguments {'profiles_dir': '.', 'log_cache_events': 'False', 'warn_error_options': 'WarnErrorOptionsV2(error=[], warn=[], silence=[])', 'empty': 'False', 'indirect_selection': 'eager', 'debug': 'False', 'use_experimental_parser': 'False', 'write_json': 'True', 'introspect': 'True', 'version_check': 'True', 'no_print': 'None', 'log_format': 'default', 'partial_parse': 'True', 'printer_width': '80', 'cache_selected_only': 'False', 'warn_error': 'None', 'log_path': 'logs', 'use_colors': 'True', 'target_path': 'None', 'invocation_command': 'dbt run --profiles-dir .', 'fail_fast': 'False', 'quiet': 'False', 'send_anonymous_usage_stats': 'True', 'static_parser': 'True'}
[0m11:57:52.577540 [error] [MainThread]: Encountered an error:
Runtime Error
  No dbt_project.yml found at expected path /workspaces/Data_Engineering_Zoomcamp/final_project/dbt_project.yml
  Verify that each entry within packages.yml (and their transitive dependencies) contains a file named dbt_project.yml
  
[0m11:57:52.578570 [debug] [MainThread]: Resource report: {"command_name": "run", "command_success": false, "command_wall_clock_time": 0.055952065, "process_in_blocks": "0", "process_kernel_time": 0.124458, "process_mem_max_rss": "120400", "process_out_blocks": "16", "process_user_time": 1.938572}
[0m11:57:52.579360 [debug] [MainThread]: Command `dbt run` failed at 11:57:52.579218 after 0.06 seconds
[0m11:57:52.579994 [debug] [MainThread]: Sending event: {'category': 'dbt', 'action': 'invocation', 'label': 'end', 'context': [<snowplow_tracker.self_describing_json.SelfDescribingJson object at 0x7484ba259810>, <snowplow_tracker.self_describing_json.SelfDescribingJson object at 0x7484ba271b50>, <snowplow_tracker.self_describing_json.SelfDescribingJson object at 0x7484ba49f460>]}
[0m11:57:52.580645 [debug] [MainThread]: Flushing usage events
[0m11:57:52.961007 [debug] [MainThread]: An error was encountered while trying to flush usage events
[0m12:02:00.144273 [debug] [MainThread]: Sending event: {'category': 'dbt', 'action': 'invocation', 'label': 'start', 'context': [<snowplow_tracker.self_describing_json.SelfDescribingJson object at 0x7c69fd5bd160>, <snowplow_tracker.self_describing_json.SelfDescribingJson object at 0x7c6a00997110>, <snowplow_tracker.self_describing_json.SelfDescribingJson object at 0x7c69fc4cbed0>]}


============================== 12:02:00.150017 | d20eef9e-4759-4e18-ae92-f19af5c5111d ==============================
[0m12:02:00.150017 [info ] [MainThread]: Running with dbt=1.11.7
[0m12:02:00.151450 [debug] [MainThread]: running dbt with arguments {'send_anonymous_usage_stats': 'True', 'cache_selected_only': 'False', 'invocation_command': 'dbt run', 'log_format': 'default', 'debug': 'False', 'warn_error_options': 'WarnErrorOptionsV2(error=[], warn=[], silence=[])', 'profiles_dir': '/workspaces/Data_Engineering_Zoomcamp/final_project', 'fail_fast': 'False', 'partial_parse': 'True', 'warn_error': 'None', 'introspect': 'True', 'no_print': 'None', 'log_cache_events': 'False', 'quiet': 'False', 'indirect_selection': 'eager', 'log_path': 'logs', 'use_experimental_parser': 'False', 'target_path': 'None', 'use_colors': 'True', 'version_check': 'True', 'write_json': 'True', 'static_parser': 'True', 'empty': 'False', 'printer_width': '80'}
[0m12:02:00.152618 [error] [MainThread]: Encountered an error:
Runtime Error
  No dbt_project.yml found at expected path /workspaces/Data_Engineering_Zoomcamp/final_project/dbt_project.yml
  Verify that each entry within packages.yml (and their transitive dependencies) contains a file named dbt_project.yml
  
[0m12:02:00.153861 [debug] [MainThread]: Resource report: {"command_name": "run", "command_success": false, "command_wall_clock_time": 0.070960134, "process_in_blocks": "0", "process_kernel_time": 0.122963, "process_mem_max_rss": "120044", "process_out_blocks": "16", "process_user_time": 1.89205}
[0m12:02:00.154838 [debug] [MainThread]: Command `dbt run` failed at 12:02:00.154701 after 0.07 seconds
[0m12:02:00.155577 [debug] [MainThread]: Sending event: {'category': 'dbt', 'action': 'invocation', 'label': 'end', 'context': [<snowplow_tracker.self_describing_json.SelfDescribingJson object at 0x7c69fc4e1810>, <snowplow_tracker.self_describing_json.SelfDescribingJson object at 0x7c69fc4f5b50>, <snowplow_tracker.self_describing_json.SelfDescribingJson object at 0x7c69fc71f460>]}
[0m12:02:00.156440 [debug] [MainThread]: Flushing usage events
[0m12:02:00.531204 [debug] [MainThread]: An error was encountered while trying to flush usage events
[0m22:21:57.987937 [debug] [MainThread]: Sending event: {'category': 'dbt', 'action': 'invocation', 'label': 'start', 'context': [<snowplow_tracker.self_describing_json.SelfDescribingJson object at 0x10b5c17f0>, <snowplow_tracker.self_describing_json.SelfDescribingJson object at 0x10c75d1d0>, <snowplow_tracker.self_describing_json.SelfDescribingJson object at 0x10ce1bed0>]}


============================== 22:21:57.996615 | e3f1caf2-d3cf-4b6c-a9f1-44ebda6e9194 ==============================
[0m22:21:57.996615 [info ] [MainThread]: Running with dbt=1.11.7
[0m22:21:57.997521 [debug] [MainThread]: running dbt with arguments {'log_format': 'default', 'cache_selected_only': 'False', 'quiet': 'False', 'warn_error_options': 'WarnErrorOptionsV2(error=[], warn=[], silence=[])', 'use_experimental_parser': 'False', 'use_colors': 'True', 'log_path': 'logs', 'target_path': 'None', 'write_json': 'True', 'version_check': 'True', 'send_anonymous_usage_stats': 'True', 'invocation_command': 'dbt run-operation train_wind_offshore_model', 'printer_width': '80', 'empty': 'None', 'static_parser': 'True', 'partial_parse': 'True', 'log_cache_events': 'False', 'profiles_dir': '/Users/jianpengchen/Downloads/Data-Engineering/Data_Engineering_Zoomcamp/final_project', 'introspect': 'True', 'no_print': 'None', 'debug': 'False', 'fail_fast': 'False', 'warn_error': 'None', 'indirect_selection': 'eager'}
[0m22:21:57.998383 [error] [MainThread]: Encountered an error:
Runtime Error
  No dbt_project.yml found at expected path /Users/jianpengchen/Downloads/Data-Engineering/Data_Engineering_Zoomcamp/final_project/dbt_project.yml
  Verify that each entry within packages.yml (and their transitive dependencies) contains a file named dbt_project.yml
  
[0m22:21:58.040786 [debug] [MainThread]: Resource report: {"command_name": "run-operation", "command_success": false, "command_wall_clock_time": 0.14797819, "process_in_blocks": "0", "process_kernel_time": 0.560536, "process_mem_max_rss": "120872960", "process_out_blocks": "0", "process_user_time": 2.732984}
[0m22:21:58.041521 [debug] [MainThread]: Command `dbt run-operation` failed at 22:21:58.041383 after 0.15 seconds
[0m22:21:58.041970 [debug] [MainThread]: Sending event: {'category': 'dbt', 'action': 'invocation', 'label': 'end', 'context': [<snowplow_tracker.self_describing_json.SelfDescribingJson object at 0x10ce810f0>, <snowplow_tracker.self_describing_json.SelfDescribingJson object at 0x10cd230b0>, <snowplow_tracker.self_describing_json.SelfDescribingJson object at 0x10cc839b0>]}
[0m22:21:58.042412 [debug] [MainThread]: Flushing usage events
[0m22:21:58.857623 [debug] [MainThread]: An error was encountered while trying to flush usage events
[0m22:24:05.550137 [debug] [MainThread]: Sending event: {'category': 'dbt', 'action': 'invocation', 'label': 'start', 'context': [<snowplow_tracker.self_describing_json.SelfDescribingJson object at 0x1143717f0>, <snowplow_tracker.self_describing_json.SelfDescribingJson object at 0x1153611d0>, <snowplow_tracker.self_describing_json.SelfDescribingJson object at 0x115a0fed0>]}


============================== 22:24:05.556131 | f229709f-4916-401e-8e87-65897dac6ac0 ==============================
[0m22:24:05.556131 [info ] [MainThread]: Running with dbt=1.11.7
[0m22:24:05.556916 [debug] [MainThread]: running dbt with arguments {'static_parser': 'True', 'write_json': 'True', 'quiet': 'False', 'debug': 'False', 'profiles_dir': '/Users/jianpengchen/Downloads/Data-Engineering/Data_Engineering_Zoomcamp/final_project', 'printer_width': '80', 'indirect_selection': 'eager', 'log_format': 'default', 'cache_selected_only': 'False', 'invocation_command': 'dbt run-operation train_wind_offshore_model', 'partial_parse': 'True', 'send_anonymous_usage_stats': 'True', 'use_experimental_parser': 'False', 'no_print': 'None', 'target_path': 'None', 'use_colors': 'True', 'log_path': 'logs', 'warn_error_options': 'WarnErrorOptionsV2(error=[], warn=[], silence=[])', 'introspect': 'True', 'fail_fast': 'False', 'version_check': 'True', 'warn_error': 'None', 'log_cache_events': 'False', 'empty': 'None'}
[0m22:24:05.558067 [error] [MainThread]: Encountered an error:
Runtime Error
  No dbt_project.yml found at expected path /Users/jianpengchen/Downloads/Data-Engineering/Data_Engineering_Zoomcamp/final_project/dbt_project.yml
  Verify that each entry within packages.yml (and their transitive dependencies) contains a file named dbt_project.yml
  
[0m22:24:05.562994 [debug] [MainThread]: Resource report: {"command_name": "run-operation", "command_success": false, "command_wall_clock_time": 0.09645734, "process_in_blocks": "0", "process_kernel_time": 0.400892, "process_mem_max_rss": "120561664", "process_out_blocks": "0", "process_user_time": 2.659306}
[0m22:24:05.563666 [debug] [MainThread]: Command `dbt run-operation` failed at 22:24:05.563531 after 0.10 seconds
[0m22:24:05.564107 [debug] [MainThread]: Sending event: {'category': 'dbt', 'action': 'invocation', 'label': 'end', 'context': [<snowplow_tracker.self_describing_json.SelfDescribingJson object at 0x115a6d0f0>, <snowplow_tracker.self_describing_json.SelfDescribingJson object at 0x1158f70b0>, <snowplow_tracker.self_describing_json.SelfDescribingJson object at 0x1158739b0>]}
[0m22:24:05.564528 [debug] [MainThread]: Flushing usage events
[0m22:24:06.432392 [debug] [MainThread]: An error was encountered while trying to flush usage events
